ARM GAS  C:\Users\vinok\AppData\Local\Temp\ccars9kz.s 			page 1


   1              		.cpu cortex-m7
   2              		.arch armv7e-m
   3              		.fpu fpv5-d16
   4              		.eabi_attribute 28, 1
   5              		.eabi_attribute 23, 1
   6              		.eabi_attribute 24, 1
   7              		.eabi_attribute 25, 1
   8              		.eabi_attribute 26, 1
   9              		.eabi_attribute 30, 2
  10              		.eabi_attribute 34, 1
  11              		.eabi_attribute 18, 4
  12              		.file	"audio_utilities.cpp"
  13              		.text
  14              	.Ltext0:
  15              		.cfi_sections	.debug_frame
  16              		.section	.text._Z13tempo_to_freqm,"ax",%progbits
  17              		.align	1
  18              		.p2align 2,,3
  19              		.global	_Z13tempo_to_freqm
  20              		.syntax unified
  21              		.thumb
  22              		.thumb_func
  24              	_Z13tempo_to_freqm:
  25              	.LVL0:
  26              	.LFB561:
  27              		.file 1 "GuitarPedal/Util/audio_utilities.cpp"
   1:GuitarPedal/Util/audio_utilities.cpp **** #include "audio_utilities.h"
   2:GuitarPedal/Util/audio_utilities.cpp **** 
   3:GuitarPedal/Util/audio_utilities.cpp **** float tempo_to_freq(uint32_t tempo) { return static_cast<float>(tempo) / 60.0f; }
  28              		.loc 1 3 37 view -0
  29              		.cfi_startproc
  30              		@ args = 0, pretend = 0, frame = 0
  31              		@ frame_needed = 0, uses_anonymous_args = 0
  32              		@ link register save eliminated.
  33              		.loc 1 3 39 view .LVU1
  34              		.loc 1 3 46 is_stmt 0 view .LVU2
  35 0000 07EE900A 		vmov	s15, r0	@ int
  36              		.loc 1 3 74 view .LVU3
  37 0004 9FED030A 		vldr.32	s0, .L3
  38              		.loc 1 3 46 view .LVU4
  39 0008 F8EE677A 		vcvt.f32.u32	s15, s15
  40              		.loc 1 3 81 view .LVU5
  41 000c 27EE800A 		vmul.f32	s0, s15, s0
  42 0010 7047     		bx	lr
  43              	.L4:
  44 0012 00BF     		.align	2
  45              	.L3:
  46 0014 8988883C 		.word	1015580809
  47              		.cfi_endproc
  48              	.LFE561:
  50              		.section	.text._Z13freq_to_tempof,"ax",%progbits
  51              		.align	1
  52              		.p2align 2,,3
  53              		.global	_Z13freq_to_tempof
  54              		.syntax unified
  55              		.thumb
  56              		.thumb_func
ARM GAS  C:\Users\vinok\AppData\Local\Temp\ccars9kz.s 			page 2


  58              	_Z13freq_to_tempof:
  59              	.LVL1:
  60              	.LFB562:
   4:GuitarPedal/Util/audio_utilities.cpp **** 
   5:GuitarPedal/Util/audio_utilities.cpp **** uint32_t freq_to_tempo(float freq) { return freq * 60.0f; }
  61              		.loc 1 5 36 is_stmt 1 view -0
  62              		.cfi_startproc
  63              		@ args = 0, pretend = 0, frame = 0
  64              		@ frame_needed = 0, uses_anonymous_args = 0
  65              		@ link register save eliminated.
  66              		.loc 1 5 38 view .LVU7
  67              		.loc 1 5 50 is_stmt 0 view .LVU8
  68 0000 DFED047A 		vldr.32	s15, .L6
  69 0004 20EE270A 		vmul.f32	s0, s0, s15
  70              	.LVL2:
  71              		.loc 1 5 59 view .LVU9
  72 0008 FCEEC07A 		vcvt.u32.f32	s15, s0
  73 000c 17EE900A 		vmov	r0, s15	@ int
  74 0010 7047     		bx	lr
  75              	.L7:
  76 0012 00BF     		.align	2
  77              	.L6:
  78 0014 00007042 		.word	1114636288
  79              		.cfi_endproc
  80              	.LFE562:
  82              		.section	.text._Z11ms_to_tempom,"ax",%progbits
  83              		.align	1
  84              		.p2align 2,,3
  85              		.global	_Z11ms_to_tempom
  86              		.syntax unified
  87              		.thumb
  88              		.thumb_func
  90              	_Z11ms_to_tempom:
  91              	.LVL3:
  92              	.LFB563:
   6:GuitarPedal/Util/audio_utilities.cpp **** 
   7:GuitarPedal/Util/audio_utilities.cpp **** uint32_t ms_to_tempo(uint32_t ms) { return 60000 / ms; }
  93              		.loc 1 7 35 is_stmt 1 view -0
  94              		.cfi_startproc
  95              		@ args = 0, pretend = 0, frame = 0
  96              		@ frame_needed = 0, uses_anonymous_args = 0
  97              		@ link register save eliminated.
  98              		.loc 1 7 37 view .LVU11
  99              		.loc 1 7 52 is_stmt 0 view .LVU12
 100 0000 4EF66023 		movw	r3, #60000
 101              		.loc 1 7 56 view .LVU13
 102 0004 B3FBF0F0 		udiv	r0, r3, r0
 103              	.LVL4:
 104              		.loc 1 7 56 view .LVU14
 105 0008 7047     		bx	lr
 106              		.cfi_endproc
 107              	.LFE563:
 109 000a 00BF     		.section	.text._Z10s_to_tempof,"ax",%progbits
 110              		.align	1
 111              		.p2align 2,,3
 112              		.global	_Z10s_to_tempof
 113              		.syntax unified
ARM GAS  C:\Users\vinok\AppData\Local\Temp\ccars9kz.s 			page 3


 114              		.thumb
 115              		.thumb_func
 117              	_Z10s_to_tempof:
 118              	.LVL5:
 119              	.LFB564:
   8:GuitarPedal/Util/audio_utilities.cpp **** 
   9:GuitarPedal/Util/audio_utilities.cpp **** uint32_t s_to_tempo(float seconds) { return 60 / seconds; }...
 120              		.loc 1 9 36 is_stmt 1 view -0
 121              		.cfi_startproc
 122              		@ args = 0, pretend = 0, frame = 0
 123              		@ frame_needed = 0, uses_anonymous_args = 0
 124              		@ link register save eliminated.
 125              		.loc 1 9 38 view .LVU16
 126              		.loc 1 9 48 is_stmt 0 view .LVU17
 127 0000 9FED047A 		vldr.32	s14, .L10
 128 0004 C7EE007A 		vdiv.f32	s15, s14, s0
 129              		.loc 1 9 59 view .LVU18
 130 0008 FCEEE77A 		vcvt.u32.f32	s15, s15
 131 000c 17EE900A 		vmov	r0, s15	@ int
 132 0010 7047     		bx	lr
 133              	.L11:
 134 0012 00BF     		.align	2
 135              	.L10:
 136 0014 00007042 		.word	1114636288
 137              		.cfi_endproc
 138              	.LFE564:
 140              		.text
 141              	.Letext0:
 142              		.file 2 "c:\\users\\vinok\\toolchains\\gcc10\\gcc-arm-none-eabi-10.3-2021.10\\arm-none-eabi\\inclu
 143              		.file 3 "c:\\users\\vinok\\toolchains\\gcc10\\gcc-arm-none-eabi-10.3-2021.10\\arm-none-eabi\\inclu
 144              		.file 4 "c:\\users\\vinok\\toolchains\\gcc10\\gcc-arm-none-eabi-10.3-2021.10\\arm-none-eabi\\inclu
 145              		.file 5 "c:\\users\\vinok\\toolchains\\gcc10\\gcc-arm-none-eabi-10.3-2021.10\\arm-none-eabi\\inclu
 146              		.file 6 "c:\\users\\vinok\\toolchains\\gcc10\\gcc-arm-none-eabi-10.3-2021.10\\arm-none-eabi\\inclu
 147              		.file 7 "c:\\users\\vinok\\toolchains\\gcc10\\gcc-arm-none-eabi-10.3-2021.10\\arm-none-eabi\\inclu
 148              		.file 8 "c:\\users\\vinok\\toolchains\\gcc10\\gcc-arm-none-eabi-10.3-2021.10\\arm-none-eabi\\inclu
 149              		.file 9 "<built-in>"
ARM GAS  C:\Users\vinok\AppData\Local\Temp\ccars9kz.s 			page 4


DEFINED SYMBOLS
                            *ABS*:00000000 audio_utilities.cpp
C:\Users\vinok\AppData\Local\Temp\ccars9kz.s:17     .text._Z13tempo_to_freqm:00000000 $t
C:\Users\vinok\AppData\Local\Temp\ccars9kz.s:24     .text._Z13tempo_to_freqm:00000000 _Z13tempo_to_freqm
C:\Users\vinok\AppData\Local\Temp\ccars9kz.s:46     .text._Z13tempo_to_freqm:00000014 $d
C:\Users\vinok\AppData\Local\Temp\ccars9kz.s:51     .text._Z13freq_to_tempof:00000000 $t
C:\Users\vinok\AppData\Local\Temp\ccars9kz.s:58     .text._Z13freq_to_tempof:00000000 _Z13freq_to_tempof
C:\Users\vinok\AppData\Local\Temp\ccars9kz.s:78     .text._Z13freq_to_tempof:00000014 $d
C:\Users\vinok\AppData\Local\Temp\ccars9kz.s:83     .text._Z11ms_to_tempom:00000000 $t
C:\Users\vinok\AppData\Local\Temp\ccars9kz.s:90     .text._Z11ms_to_tempom:00000000 _Z11ms_to_tempom
C:\Users\vinok\AppData\Local\Temp\ccars9kz.s:110    .text._Z10s_to_tempof:00000000 $t
C:\Users\vinok\AppData\Local\Temp\ccars9kz.s:117    .text._Z10s_to_tempof:00000000 _Z10s_to_tempof
C:\Users\vinok\AppData\Local\Temp\ccars9kz.s:136    .text._Z10s_to_tempof:00000014 $d

NO UNDEFINED SYMBOLS
